
> docs@1.0.0 build
> next build

  ▲ Next.js 14.2.3
  - Environments: .env

   Creating an optimized production build ...
 ✓ Compiled successfully
   Linting and checking validity of types ...
   Collecting page data ...
   Generating static pages (0/6) ...
   Generating static pages (1/6) 
   Generating static pages (2/6) 
   Generating static pages (4/6) 
 ✓ Generating static pages (6/6)
   Finalizing page optimization ...
   Collecting build traces ...

Route (app)                              Size     First Load JS
┌ ○ /                                    5.26 kB        92.3 kB
├ ○ /_not-found                          873 B          87.9 kB
└ ƒ /api/video                           0 B                0 B
+ First Load JS shared by all            87 kB
  ├ chunks/1dd3208c-e6d4e8ee34063b74.js  53.6 kB
  ├ chunks/286-2327c2350345cf1c.js       31.5 kB
  └ other shared chunks (total)          1.95 kB


○  (Static)   prerendered as static content
ƒ  (Dynamic)  server-rendered on demand

