
> web@1.0.0 build
> next build

  ▲ Next.js 14.2.3
  - Environments: .env.local

   Creating an optimized production build ...
 ✓ Compiled successfully
   Linting and checking validity of types ...
   Collecting page data ...
   Generating static pages (0/7) ...
   Generating static pages (1/7) 
   Generating static pages (3/7) 
   Generating static pages (5/7) 
 ✓ Generating static pages (7/7)
   Finalizing page optimization ...
   Collecting build traces ...

Route (app)                              Size     First Load JS
┌ ƒ /                                    174 B          92.4 kB
├ ○ /_not-found                          873 B            88 kB
├ ƒ /api/auth/[...nextauth]              0 B                0 B
├ ○ /signin                              67.1 kB         289 kB
└ ƒ /users/website                       115 kB          370 kB
+ First Load JS shared by all            87.1 kB
  ├ chunks/1dd3208c-3bb87b7339cb2b48.js  53.6 kB
  ├ chunks/286-aa2f698b9ddd9db7.js       31.5 kB
  └ other shared chunks (total)          2 kB


○  (Static)   prerendered as static content
ƒ  (Dynamic)  server-rendered on demand

